#
# There is insufficient memory for the Java Runtime Environment to continue.
# Native memory allocation (malloc) failed to allocate 366576 bytes for Chunk::new
# Possible reasons:
#   The system is out of physical RAM or swap space
#   The process is running with CompressedOops enabled, and the Java Heap may be blocking the growth of the native heap
# Possible solutions:
#   Reduce memory load on the system
#   Increase physical memory or swap space
#   Check if swap backing store is full
#   Decrease Java heap size (-Xmx/-Xms)
#   Decrease number of Java threads
#   Decrease Java thread stack sizes (-Xss)
#   Set larger code cache with -XX:ReservedCodeCacheSize=
#   JVM is running with Zero Based Compressed Oops mode in which the Java heap is
#     placed in the first 32GB address space. The Java Heap base address is the
#     maximum limit for the native heap growth. Please use -XX:HeapBaseMinAddress
#     to set the Java Heap base and to place the Java Heap above 32GB virtual address.
# This output file may be truncated or incomplete.
#
#  Out of Memory Error (arena.cpp:184), pid=4488, tid=9804
#
# JRE version: OpenJDK Runtime Environment (18.0+36) (build 18+36-2087)
# Java VM: OpenJDK 64-Bit Server VM (18+36-2087, mixed mode, sharing, tiered, compressed oops, compressed class ptrs, g1 gc, windows-amd64)
# No core dump will be written. Minidumps are not enabled by default on client versions of Windows
#

---------------  S U M M A R Y ------------

Command Line: -javaagent:C:\Program Files\JetBrains\IntelliJ IDEA Community Edition 2021.3.3\lib\idea_rt.jar=61845:C:\Program Files\JetBrains\IntelliJ IDEA Community Edition 2021.3.3\bin -Dfile.encoding=UTF-8 --module-path=C:\Users\隨風\.m2\repository\org\apache\commons\commons-text\1.9\commons-text-1.9.jar;C:\Users\隨風\.m2\repository\io\ous\jtoml\2.0.0\jtoml-2.0.0.jar;C:\Users\隨風\.m2\repository\io\opentelemetry\opentelemetry-sdk-extension-autoconfigure\1.12.0-alpha\opentelemetry-sdk-extension-autoconfigure-1.12.0-alpha.jar;C:\Users\隨風\.m2\repository\io\opentelemetry\opentelemetry-semconv\1.12.0-alpha\opentelemetry-semconv-1.12.0-alpha.jar;C:\Users\隨風\Documents\GitHub\finalproject\target\classes;C:\Users\隨風\.m2\repository\io\opentelemetry\opentelemetry-sdk\1.12.0\opentelemetry-sdk-1.12.0.jar;C:\Users\隨風\.m2\repository\org\seleniumhq\selenium\selenium-edge-driver\4.1.3\selenium-edge-driver-4.1.3.jar;C:\Users\隨風\.m2\repository\org\seleniumhq\selenium\selenium-api\4.1.3\selenium-api-4.1.3.jar;C:\Users\隨風\.m2\repository\org\openjfx\javafx-controls\18-ea+4\javafx-controls-18-ea+4-win.jar;C:\Users\隨風\.m2\repository\org\seleniumhq\selenium\selenium-devtools-v85\4.1.3\selenium-devtools-v85-4.1.3.jar;C:\Users\隨風\.m2\repository\io\netty\netty-transport\4.1.75.Final\netty-transport-4.1.75.Final.jar;C:\Users\隨風\.m2\repository\org\seleniumhq\selenium\selenium-safari-driver\4.1.3\selenium-safari-driver-4.1.3.jar;C:\Users\隨風\.m2\repository\org\seleniumhq\selenium\selenium-opera-driver\4.1.3\selenium-opera-driver-4.1.3.jar;C:\Users\隨風\.m2\repository\org\seleniumhq\selenium\selenium-chromium-driver\4.1.3\selenium-chromium-driver-4.1.3.jar;C:\Users\隨風\.m2\repository\org\seleniumhq\selenium\selenium-devtools-v99\4.1.3\selenium-devtools-v99-4.1.3.jar;C:\Users\隨風\.m2\repository\org\openjfx\javafx-base\18-ea+4\javafx-base-18-ea+4-win.jar;C:\Users\隨風\.m2\repository\io\opentelemetry\opentelemetry-context\1.12.0\opentelemetry-context-1.12.0.jar;C:\Users\隨風\.m2\repository\org\openjfx\javafx-media\18-ea+4\javafx-media-18-ea+4-win.jar;C:\Users\隨風\.m2\repository\io\opentelemetry\opentelemetry-api\1.12.0\opentelemetry-api-1.12.0.jar;C:\Users\隨風\.m2\repository\org-Djdk.module.main=cpe_client cpe_client/cpe_client.main.MainGui

Host: Intel(R) Core(TM) i5-8265U CPU @ 1.60GHz, 8 cores, 15G,  Windows 10 , 64 bit Build 19041 (10.0.19041.1706)
Time: Fri May 13 16:12:55 2022  Windows 10 , 64 bit Build 19041 (10.0.19041.1706) elapsed time: 1.394717 seconds (0d 0h 0m 1s)

---------------  T H R E A D  ---------------

Current thread (0x0000019a85192210):  JavaThread "C2 CompilerThread2" daemon [_thread_in_native, id=9804, stack(0x0000006520400000,0x0000006520500000)]


Current CompileTask:
C2:   1394 1567   !   4       com.sun.javafx.css.ParsedValueImpl::readBinary (688 bytes)

Stack: [0x0000006520400000,0x0000006520500000]
Native frames: (J=compiled Java code, j=interpreted, Vv=VM code, C=native code)
V  [jvm.dll+0x69804a]
V  [jvm.dll+0x7f308d]
V  [jvm.dll+0x7f499e]
V  [jvm.dll+0x7f5053]
V  [jvm.dll+0x25ca3f]
V  [jvm.dll+0xb8c2f]
V  [jvm.dll+0xb8fa5]
V  [jvm.dll+0x2c794f]
V  [jvm.dll+0x59fdb0]
V  [jvm.dll+0x237f1e]
V  [jvm.dll+0x231764]
V  [jvm.dll+0x22eeeb]
V  [jvm.dll+0x1b9cfc]
V  [jvm.dll+0x23e8ca]
V  [jvm.dll+0x23cbac]
V  [jvm.dll+0x7a5781]
V  [jvm.dll+0x79fbba]
V  [jvm.dll+0x696ef5]
C  [ucrtbase.dll+0x21bb2]
C  [KERNEL32.DLL+0x17034]
C  [ntdll.dll+0x52651]


---------------  P R O C E S S  ---------------

Threads class SMR info:
_java_thread_list=0x0000019a850249b0, length=20, elements={
0x0000019add1edbe0, 0x0000019affeca3e0, 0x0000019affecb7e0, 0x0000019affeead50,
0x0000019affeeb6f0, 0x0000019affeee840, 0x0000019affef00d0, 0x0000019afff1edf0,
0x0000019afff205d0, 0x0000019afff31ff0, 0x0000019a840eac40, 0x0000019a840e9900,
0x0000019a840e9430, 0x0000019a840ea2a0, 0x0000019a840e8a90, 0x0000019a840e9dd0,
0x0000019a840ebab0, 0x0000019a840ebf80, 0x0000019a84e9f120, 0x0000019a85192210
}

Java Threads: ( => current thread )
  0x0000019add1edbe0 JavaThread "main" [_thread_blocked, id=12216, stack(0x000000651e200000,0x000000651e300000)]
  0x0000019affeca3e0 JavaThread "Reference Handler" daemon [_thread_blocked, id=13272, stack(0x000000651e900000,0x000000651ea00000)]
  0x0000019affecb7e0 JavaThread "Finalizer" daemon [_thread_blocked, id=12560, stack(0x000000651ea00000,0x000000651eb00000)]
  0x0000019affeead50 JavaThread "Signal Dispatcher" daemon [_thread_blocked, id=11692, stack(0x000000651eb00000,0x000000651ec00000)]
  0x0000019affeeb6f0 JavaThread "Attach Listener" daemon [_thread_blocked, id=12880, stack(0x000000651ec00000,0x000000651ed00000)]
  0x0000019affeee840 JavaThread "Service Thread" daemon [_thread_blocked, id=96, stack(0x000000651ed00000,0x000000651ee00000)]
  0x0000019affef00d0 JavaThread "Monitor Deflation Thread" daemon [_thread_blocked, id=9848, stack(0x000000651ee00000,0x000000651ef00000)]
  0x0000019afff1edf0 JavaThread "C2 CompilerThread0" daemon [_thread_in_native, id=2052, stack(0x000000651ef00000,0x000000651f000000)]
  0x0000019afff205d0 JavaThread "C1 CompilerThread0" daemon [_thread_in_native, id=11288, stack(0x000000651f000000,0x000000651f100000)]
  0x0000019afff31ff0 JavaThread "Sweeper thread" daemon [_thread_blocked, id=13052, stack(0x000000651f100000,0x000000651f200000)]
  0x0000019a840eac40 JavaThread "Common-Cleaner" daemon [_thread_blocked, id=12092, stack(0x000000651f200000,0x000000651f300000)]
  0x0000019a840e9900 JavaThread "Monitor Ctrl-Break" daemon [_thread_in_native, id=10736, stack(0x000000651fa00000,0x000000651fb00000)]
  0x0000019a840e9430 JavaThread "Notification Thread" daemon [_thread_blocked, id=5984, stack(0x000000651fb00000,0x000000651fc00000)]
  0x0000019a840ea2a0 JavaThread "QuantumRenderer-0" daemon [_thread_blocked, id=13036, stack(0x000000651f400000,0x000000651f500000)]
  0x0000019a840e8a90 JavaThread "InvokeLaterDispatcher" daemon [_thread_blocked, id=10840, stack(0x000000651fd00000,0x000000651fe00000)]
  0x0000019a840e9dd0 JavaThread "JavaFX Application Thread" [_thread_in_vm, id=2572, stack(0x000000651fe00000,0x000000651ff00000)]
  0x0000019a840ebab0 JavaThread "Thread-1" daemon [_thread_in_native, id=10764, stack(0x000000651f300000,0x000000651f400000)]
  0x0000019a840ebf80 JavaThread "JavaFX-Launcher" [_thread_blocked, id=10800, stack(0x0000006520200000,0x0000006520300000)]
  0x0000019a84e9f120 JavaThread "C2 CompilerThread1" daemon [_thread_in_native, id=3848, stack(0x0000006520300000,0x0000006520400000)]
=>0x0000019a85192210 JavaThread "C2 CompilerThread2" daemon [_thread_in_native, id=9804, stack(0x0000006520400000,0x0000006520500000)]

Other Threads:
  0x0000019add27bbd0 VMThread "VM Thread" [stack: 0x000000651e800000,0x000000651e900000] [id=12104]
  0x0000019a846e1720 WatcherThread "VM Periodic Task Thread" [stack: 0x000000651fc00000,0x000000651fd00000] [id=11844]
  0x0000019add25eda0 WorkerThread "GC Thread#0" [stack: 0x000000651e300000,0x000000651e400000] [id=292]
  0x0000019a8458d270 WorkerThread "GC Thread#1" [stack: 0x000000651f500000,0x000000651f600000] [id=4272]
  0x0000019a844e4800 WorkerThread "GC Thread#2" [stack: 0x000000651f600000,0x000000651f700000] [id=6336]
  0x0000019a844e4aa0 WorkerThread "GC Thread#3" [stack: 0x000000651f700000,0x000000651f800000] [id=4768]
  0x0000019a844e5150 WorkerThread "GC Thread#4" [stack: 0x000000651f800000,0x000000651f900000] [id=10920]
  0x0000019a844c6c40 WorkerThread "GC Thread#5" [stack: 0x000000651f900000,0x000000651fa00000] [id=11704]
  0x0000019a84ffe7d0 WorkerThread "GC Thread#6" [stack: 0x0000006520500000,0x0000006520600000] [id=6384]
  0x0000019a84ffe290 WorkerThread "GC Thread#7" [stack: 0x0000006520600000,0x0000006520700000] [id=3700]
  0x0000019add271a80 ConcurrentGCThread "G1 Main Marker" [stack: 0x000000651e400000,0x000000651e500000] [id=1008]
  0x0000019add272c10 WorkerThread "G1 Conc#0" [stack: 0x000000651e500000,0x000000651e600000] [id=6172]
  0x0000019add2ae490 ConcurrentGCThread "G1 Refine#0" [stack: 0x000000651e600000,0x000000651e700000] [id=9448]
  0x0000019a8439fdd0 ConcurrentGCThread "G1 Refine#1" [stack: 0x0000006520700000,0x0000006520800000] [id=10832]
  0x0000019a854e17a0 ConcurrentGCThread "G1 Refine#2" [stack: 0x0000006520800000,0x0000006520900000] [id=12972]
  0x0000019a854e1a70 ConcurrentGCThread "G1 Refine#3" [stack: 0x0000006520900000,0x0000006520a00000] [id=9868]
  0x0000019affd86120 ConcurrentGCThread "G1 Service" [stack: 0x000000651e700000,0x000000651e800000] [id=12304]

Threads with active compile tasks:
C2 CompilerThread0     1449 1652       4       java.lang.StringUTF16::inflate (42 bytes)
C2 CompilerThread1     1449 1639       4       jdk.internal.org.objectweb.asm.Frame::execute (2305 bytes)
C2 CompilerThread2     1449 1567   !   4       com.sun.javafx.css.ParsedValueImpl::readBinary (688 bytes)

VM state: not at safepoint (normal execution)

VM Mutex/Monitor currently owned by a thread: None

Heap address: 0x0000000702600000, size: 4058 MB, Compressed Oops mode: Zero based, Oop shift amount: 3

CDS archive(s) mapped at: [0x0000000800000000-0x0000000800b90000-0x0000000800b90000), size 12124160, SharedBaseAddress: 0x0000000800000000, ArchiveRelocationMode: 0.
Compressed class space mapped at: 0x0000000800c00000-0x0000000840c00000, reserved size: 1073741824
Narrow klass base: 0x0000000800000000, Narrow klass shift: 0, Narrow klass range: 0x100000000

GC Precious Log:
 CardTable entry size: 512
 Card Set container configuration: InlinePtr #cards 4 size 8 Array Of Cards #cards 16 size 48 Howl #buckets 8 coarsen threshold 3686 Howl Bitmap #cards 512 size 80 coarsen threshold 460 Card regions per heap region 1 cards per card region 4096
 CPUs: 8 total, 8 available
 Memory: 16224M
 Large Page Support: Disabled
 NUMA Support: Disabled
 Compressed Oops: Enabled (Zero based)
 Heap Region Size: 2M
 Heap Min Capacity: 8M
 Heap Initial Capacity: 254M
 Heap Max Capacity: 4058M
 Pre-touch: Disabled
 Parallel Workers: 8
 Concurrent Workers: 2
 Concurrent Refinement Workers: 8
 Periodic GC: Disabled

Heap:
 garbage-first heap   total 260096K, used 8586K [0x0000000702600000, 0x0000000800000000)
  region size 2048K, 4 young (8192K), 3 survivors (6144K)
 Metaspace       used 9808K, committed 10176K, reserved 1114112K
  class space    used 1224K, committed 1408K, reserved 1048576K

Heap Regions: E=young(eden), S=young(survivor), O=old, HS=humongous(starts), HC=humongous(continues), CS=collection set, F=free, OA=open archive, CA=closed archive, TAMS=top-at-mark-start (previous, next)
|   0|0x0000000702600000, 0x0000000702800000, 0x0000000702800000|100%| O|  |TAMS 0x0000000702600000, 0x0000000702600000| Untracked 
|   1|0x0000000702800000, 0x0000000702862a00, 0x0000000702a00000| 19%| O|  |TAMS 0x0000000702800000, 0x0000000702800000| Untracked 
|   2|0x0000000702a00000, 0x0000000702a00000, 0x0000000702c00000|  0%| F|  |TAMS 0x0000000702a00000, 0x0000000702a00000| Untracked 
|   3|0x0000000702c00000, 0x0000000702c00000, 0x0000000702e00000|  0%| F|  |TAMS 0x0000000702c00000, 0x0000000702c00000| Untracked 
|   4|0x0000000702e00000, 0x0000000702e00000, 0x0000000703000000|  0%| F|  |TAMS 0x0000000702e00000, 0x0000000702e00000| Untracked 
|   5|0x0000000703000000, 0x0000000703000000, 0x0000000703200000|  0%| F|  |TAMS 0x0000000703000000, 0x0000000703000000| Untracked 
|   6|0x0000000703200000, 0x0000000703200000, 0x0000000703400000|  0%| F|  |TAMS 0x0000000703200000, 0x0000000703200000| Untracked 
|   7|0x0000000703400000, 0x0000000703400000, 0x0000000703600000|  0%| F|  |TAMS 0x0000000703400000, 0x0000000703400000| Untracked 
|   8|0x0000000703600000, 0x0000000703600000, 0x0000000703800000|  0%| F|  |TAMS 0x0000000703600000, 0x0000000703600000| Untracked 
|   9|0x0000000703800000, 0x0000000703800000, 0x0000000703a00000|  0%| F|  |TAMS 0x0000000703800000, 0x0000000703800000| Untracked 
|  10|0x0000000703a00000, 0x0000000703a00000, 0x0000000703c00000|  0%| F|  |TAMS 0x0000000703a00000, 0x0000000703a00000| Untracked 
|  11|0x0000000703c00000, 0x0000000703c00000, 0x0000000703e00000|  0%| F|  |TAMS 0x0000000703c00000, 0x0000000703c00000| Untracked 
|  12|0x0000000703e00000, 0x0000000703e00000, 0x0000000704000000|  0%| F|  |TAMS 0x0000000703e00000, 0x0000000703e00000| Untracked 
|  13|0x0000000704000000, 0x0000000704000000, 0x0000000704200000|  0%| F|  |TAMS 0x0000000704000000, 0x0000000704000000| Untracked 
|  14|0x0000000704200000, 0x0000000704200000, 0x0000000704400000|  0%| F|  |TAMS 0x0000000704200000, 0x0000000704200000| Untracked 
|  15|0x0000000704400000, 0x0000000704400000, 0x0000000704600000|  0%| F|  |TAMS 0x0000000704400000, 0x0000000704400000| Untracked 
|  16|0x0000000704600000, 0x0000000704600000, 0x0000000704800000|  0%| F|  |TAMS 0x0000000704600000, 0x0000000704600000| Untracked 
|  17|0x0000000704800000, 0x0000000704800000, 0x0000000704a00000|  0%| F|  |TAMS 0x0000000704800000, 0x0000000704800000| Untracked 
|  18|0x0000000704a00000, 0x0000000704a00000, 0x0000000704c00000|  0%| F|  |TAMS 0x0000000704a00000, 0x0000000704a00000| Untracked 
|  19|0x0000000704c00000, 0x0000000704c00000, 0x0000000704e00000|  0%| F|  |TAMS 0x0000000704c00000, 0x0000000704c00000| Untracked 
|  20|0x0000000704e00000, 0x0000000704e00000, 0x0000000705000000|  0%| F|  |TAMS 0x0000000704e00000, 0x0000000704e00000| Untracked 
|  21|0x0000000705000000, 0x0000000705000000, 0x0000000705200000|  0%| F|  |TAMS 0x0000000705000000, 0x0000000705000000| Untracked 
|  22|0x0000000705200000, 0x0000000705200000, 0x0000000705400000|  0%| F|  |TAMS 0x0000000705200000, 0x0000000705200000| Untracked 
|  23|0x0000000705400000, 0x0000000705400000, 0x0000000705600000|  0%| F|  |TAMS 0x0000000705400000, 0x0000000705400000| Untracked 
|  24|0x0000000705600000, 0x0000000705600000, 0x0000000705800000|  0%| F|  |TAMS 0x0000000705600000, 0x0000000705600000| Untracked 
|  25|0x0000000705800000, 0x0000000705800000, 0x0000000705a00000|  0%| F|  |TAMS 0x0000000705800000, 0x0000000705800000| Untracked 
|  26|0x0000000705a00000, 0x0000000705a00000, 0x0000000705c00000|  0%| F|  |TAMS 0x0000000705a00000, 0x0000000705a00000| Untracked 
|  27|0x0000000705c00000, 0x0000000705c00000, 0x0000000705e00000|  0%| F|  |TAMS 0x0000000705c00000, 0x0000000705c00000| Untracked 
|  28|0x0000000705e00000, 0x0000000705e00000, 0x0000000706000000|  0%| F|  |TAMS 0x0000000705e00000, 0x0000000705e00000| Untracked 
|  29|0x0000000706000000, 0x0000000706000000, 0x0000000706200000|  0%| F|  |TAMS 0x0000000706000000, 0x0000000706000000| Untracked 
|  30|0x0000000706200000, 0x0000000706200000, 0x0000000706400000|  0%| F|  |TAMS 0x0000000706200000, 0x0000000706200000| Untracked 
|  31|0x0000000706400000, 0x0000000706400000, 0x0000000706600000|  0%| F|  |TAMS 0x0000000706400000, 0x0000000706400000| Untracked 
|  32|0x0000000706600000, 0x0000000706600000, 0x0000000706800000|  0%| F|  |TAMS 0x0000000706600000, 0x0000000706600000| Untracked 
|  33|0x0000000706800000, 0x0000000706800000, 0x0000000706a00000|  0%| F|  |TAMS 0x0000000706800000, 0x0000000706800000| Untracked 
|  34|0x0000000706a00000, 0x0000000706a00000, 0x0000000706c00000|  0%| F|  |TAMS 0x0000000706a00000, 0x0000000706a00000| Untracked 
|  35|0x0000000706c00000, 0x0000000706c00000, 0x0000000706e00000|  0%| F|  |TAMS 0x0000000706c00000, 0x0000000706c00000| Untracked 
|  36|0x0000000706e00000, 0x0000000706e00000, 0x0000000707000000|  0%| F|  |TAMS 0x0000000706e00000, 0x0000000706e00000| Untracked 
|  37|0x0000000707000000, 0x0000000707000000, 0x0000000707200000|  0%| F|  |TAMS 0x0000000707000000, 0x0000000707000000| Untracked 
|  38|0x0000000707200000, 0x0000000707200000, 0x0000000707400000|  0%| F|  |TAMS 0x0000000707200000, 0x0000000707200000| Untracked 
|  39|0x0000000707400000, 0x0000000707400000, 0x0000000707600000|  0%| F|  |TAMS 0x0000000707400000, 0x0000000707400000| Untracked 
|  40|0x0000000707600000, 0x0000000707600000, 0x0000000707800000|  0%| F|  |TAMS 0x0000000707600000, 0x0000000707600000| Untracked 
|  41|0x0000000707800000, 0x0000000707800000, 0x0000000707a00000|  0%| F|  |TAMS 0x0000000707800000, 0x0000000707800000| Untracked 
|  42|0x0000000707a00000, 0x0000000707a00000, 0x0000000707c00000|  0%| F|  |TAMS 0x0000000707a00000, 0x0000000707a00000| Untracked 
|  43|0x0000000707c00000, 0x0000000707c00000, 0x0000000707e00000|  0%| F|  |TAMS 0x0000000707c00000, 0x0000000707c00000| Untracked 
|  44|0x0000000707e00000, 0x0000000707e00000, 0x0000000708000000|  0%| F|  |TAMS 0x0000000707e00000, 0x0000000707e00000| Untracked 
|  45|0x0000000708000000, 0x0000000708000000, 0x0000000708200000|  0%| F|  |TAMS 0x0000000708000000, 0x0000000708000000| Untracked 
|  46|0x0000000708200000, 0x0000000708200000, 0x0000000708400000|  0%| F|  |TAMS 0x0000000708200000, 0x0000000708200000| Untracked 
|  47|0x0000000708400000, 0x0000000708400000, 0x0000000708600000|  0%| F|  |TAMS 0x0000000708400000, 0x0000000708400000| Untracked 
|  48|0x0000000708600000, 0x0000000708600000, 0x0000000708800000|  0%| F|  |TAMS 0x0000000708600000, 0x0000000708600000| Untracked 
|  49|0x0000000708800000, 0x0000000708800000, 0x0000000708a00000|  0%| F|  |TAMS 0x0000000708800000, 0x0000000708800000| Untracked 
|  50|0x0000000708a00000, 0x0000000708a00000, 0x0000000708c00000|  0%| F|  |TAMS 0x0000000708a00000, 0x0000000708a00000| Untracked 
|  51|0x0000000708c00000, 0x0000000708c00000, 0x0000000708e00000|  0%| F|  |TAMS 0x0000000708c00000, 0x0000000708c00000| Untracked 
|  52|0x0000000708e00000, 0x0000000708e00000, 0x0000000709000000|  0%| F|  |TAMS 0x0000000708e00000, 0x0000000708e00000| Untracked 
|  53|0x0000000709000000, 0x0000000709000000, 0x0000000709200000|  0%| F|  |TAMS 0x0000000709000000, 0x0000000709000000| Untracked 
|  54|0x0000000709200000, 0x0000000709200000, 0x0000000709400000|  0%| F|  |TAMS 0x0000000709200000, 0x0000000709200000| Untracked 
|  55|0x0000000709400000, 0x0000000709400000, 0x0000000709600000|  0%| F|  |TAMS 0x0000000709400000, 0x0000000709400000| Untracked 
|  56|0x0000000709600000, 0x0000000709600000, 0x0000000709800000|  0%| F|  |TAMS 0x0000000709600000, 0x0000000709600000| Untracked 
|  57|0x0000000709800000, 0x0000000709800000, 0x0000000709a00000|  0%| F|  |TAMS 0x0000000709800000, 0x0000000709800000| Untracked 
|  58|0x0000000709a00000, 0x0000000709a00000, 0x0000000709c00000|  0%| F|  |TAMS 0x0000000709a00000, 0x0000000709a00000| Untracked 
|  59|0x0000000709c00000, 0x0000000709c00000, 0x0000000709e00000|  0%| F|  |TAMS 0x0000000709c00000, 0x0000000709c00000| Untracked 
|  60|0x0000000709e00000, 0x0000000709e00000, 0x000000070a000000|  0%| F|  |TAMS 0x0000000709e00000, 0x0000000709e00000| Untracked 
|  61|0x000000070a000000, 0x000000070a000000, 0x000000070a200000|  0%| F|  |TAMS 0x000000070a000000, 0x000000070a000000| Untracked 
|  62|0x000000070a200000, 0x000000070a200000, 0x000000070a400000|  0%| F|  |TAMS 0x000000070a200000, 0x000000070a200000| Untracked 
|  63|0x000000070a400000, 0x000000070a400000, 0x000000070a600000|  0%| F|  |TAMS 0x000000070a400000, 0x000000070a400000| Untracked 
|  64|0x000000070a600000, 0x000000070a600000, 0x000000070a800000|  0%| F|  |TAMS 0x000000070a600000, 0x000000070a600000| Untracked 
|  65|0x000000070a800000, 0x000000070a800000, 0x000000070aa00000|  0%| F|  |TAMS 0x000000070a800000, 0x000000070a800000| Untracked 
|  66|0x000000070aa00000, 0x000000070aa00000, 0x000000070ac00000|  0%| F|  |TAMS 0x000000070aa00000, 0x000000070aa00000| Untracked 
|  67|0x000000070ac00000, 0x000000070ac00000, 0x000000070ae00000|  0%| F|  |TAMS 0x000000070ac00000, 0x000000070ac00000| Untracked 
|  68|0x000000070ae00000, 0x000000070ae00000, 0x000000070b000000|  0%| F|  |TAMS 0x000000070ae00000, 0x000000070ae00000| Untracked 
|  69|0x000000070b000000, 0x000000070b000000, 0x000000070b200000|  0%| F|  |TAMS 0x000000070b000000, 0x000000070b000000| Untracked 
|  70|0x000000070b200000, 0x000000070b200000, 0x000000070b400000|  0%| F|  |TAMS 0x000000070b200000, 0x000000070b200000| Untracked 
|  71|0x000000070b400000, 0x000000070b400000, 0x000000070b600000|  0%| F|  |TAMS 0x000000070b400000, 0x000000070b400000| Untracked 
|  72|0x000000070b600000, 0x000000070b600000, 0x000000070b800000|  0%| F|  |TAMS 0x000000070b600000, 0x000000070b600000| Untracked 
|  73|0x000000070b800000, 0x000000070b800000, 0x000000070ba00000|  0%| F|  |TAMS 0x000000070b800000, 0x000000070b800000| Untracked 
|  74|0x000000070ba00000, 0x000000070ba00000, 0x000000070bc00000|  0%| F|  |TAMS 0x000000070ba00000, 0x000000070ba00000| Untracked 
|  75|0x000000070bc00000, 0x000000070bc00000, 0x000000070be00000|  0%| F|  |TAMS 0x000000070bc00000, 0x000000070bc00000| Untracked 
|  76|0x000000070be00000, 0x000000070be00000, 0x000000070c000000|  0%| F|  |TAMS 0x000000070be00000, 0x000000070be00000| Untracked 
|  77|0x000000070c000000, 0x000000070c000000, 0x000000070c200000|  0%| F|  |TAMS 0x000000070c000000, 0x000000070c000000| Untracked 
|  78|0x000000070c200000, 0x000000070c200000, 0x000000070c400000|  0%| F|  |TAMS 0x000000070c200000, 0x000000070c200000| Untracked 
|  79|0x000000070c400000, 0x000000070c400000, 0x000000070c600000|  0%| F|  |TAMS 0x000000070c400000, 0x000000070c400000| Untracked 
|  80|0x000000070c600000, 0x000000070c600000, 0x000000070c800000|  0%| F|  |TAMS 0x000000070c600000, 0x000000070c600000| Untracked 
|  81|0x000000070c800000, 0x000000070c800000, 0x000000070ca00000|  0%| F|  |TAMS 0x000000070c800000, 0x000000070c800000| Untracked 
|  82|0x000000070ca00000, 0x000000070ca00000, 0x000000070cc00000|  0%| F|  |TAMS 0x000000070ca00000, 0x000000070ca00000| Untracked 
|  83|0x000000070cc00000, 0x000000070cc00000, 0x000000070ce00000|  0%| F|  |TAMS 0x000000070cc00000, 0x000000070cc00000| Untracked 
|  84|0x000000070ce00000, 0x000000070ce00000, 0x000000070d000000|  0%| F|  |TAMS 0x000000070ce00000, 0x000000070ce00000| Untracked 
|  85|0x000000070d000000, 0x000000070d000000, 0x000000070d200000|  0%| F|  |TAMS 0x000000070d000000, 0x000000070d000000| Untracked 
|  86|0x000000070d200000, 0x000000070d200000, 0x000000070d400000|  0%| F|  |TAMS 0x000000070d200000, 0x000000070d200000| Untracked 
|  87|0x000000070d400000, 0x000000070d400000, 0x000000070d600000|  0%| F|  |TAMS 0x000000070d400000, 0x000000070d400000| Untracked 
|  88|0x000000070d600000, 0x000000070d600000, 0x000000070d800000|  0%| F|  |TAMS 0x000000070d600000, 0x000000070d600000| Untracked 
|  89|0x000000070d800000, 0x000000070d800000, 0x000000070da00000|  0%| F|  |TAMS 0x000000070d800000, 0x000000070d800000| Untracked 
|  90|0x000000070da00000, 0x000000070da00000, 0x000000070dc00000|  0%| F|  |TAMS 0x000000070da00000, 0x000000070da00000| Untracked 
|  91|0x000000070dc00000, 0x000000070dc00000, 0x000000070de00000|  0%| F|  |TAMS 0x000000070dc00000, 0x000000070dc00000| Untracked 
|  92|0x000000070de00000, 0x000000070de00000, 0x000000070e000000|  0%| F|  |TAMS 0x000000070de00000, 0x000000070de00000| Untracked 
|  93|0x000000070e000000, 0x000000070e000000, 0x000000070e200000|  0%| F|  |TAMS 0x000000070e000000, 0x000000070e000000| Untracked 
|  94|0x000000070e200000, 0x000000070e200000, 0x000000070e400000|  0%| F|  |TAMS 0x000000070e200000, 0x000000070e200000| Untracked 
|  95|0x000000070e400000, 0x000000070e400000, 0x000000070e600000|  0%| F|  |TAMS 0x000000070e400000, 0x000000070e400000| Untracked 
|  96|0x000000070e600000, 0x000000070e600000, 0x000000070e800000|  0%| F|  |TAMS 0x000000070e600000, 0x000000070e600000| Untracked 
|  97|0x000000070e800000, 0x000000070e800000, 0x000000070ea00000|  0%| F|  |TAMS 0x000000070e800000, 0x000000070e800000| Untracked 
|  98|0x000000070ea00000, 0x000000070ea00000, 0x000000070ec00000|  0%| F|  |TAMS 0x000000070ea00000, 0x000000070ea00000| Untracked 
|  99|0x000000070ec00000, 0x000000070ec00000, 0x000000070ee00000|  0%| F|  |TAMS 0x000000070ec00000, 0x000000070ec00000| Untracked 
| 100|0x000000070ee00000, 0x000000070ee00000, 0x000000070f000000|  0%| F|  |TAMS 0x000000070ee00000, 0x000000070ee00000| Untracked 
| 101|0x000000070f000000, 0x000000070f000000, 0x000000070f200000|  0%| F|  |TAMS 0x000000070f000000, 0x000000070f000000| Untracked 
| 102|0x000000070f200000, 0x000000070f200000, 0x000000070f400000|  0%| F|  |TAMS 0x000000070f200000, 0x000000070f200000| Untracked 
| 103|0x000000070f400000, 0x000000070f400000, 0x000000070f600000|  0%| F|  |TAMS 0x000000070f400000, 0x000000070f400000| Untracked 
| 104|0x000000070f600000, 0x000000070f600000, 0x000000070f800000|  0%| F|  |TAMS 0x000000070f600000, 0x000000070f600000| Untracked 
| 105|0x000000070f800000, 0x000000070f800000, 0x000000070fa00000|  0%| F|  |TAMS 0x000000070f800000, 0x000000070f800000| Untracked 
| 106|0x000000070fa00000, 0x000000070fc00000, 0x000000070fc00000|100%| S|CS|TAMS 0x000000070fa00000, 0x000000070fa00000| Complete 
| 107|0x000000070fc00000, 0x000000070fe00000, 0x000000070fe00000|100%| S|CS|TAMS 0x000000070fc00000, 0x000000070fc00000| Complete 
| 108|0x000000070fe00000, 0x0000000710000000, 0x0000000710000000|100%| S|CS|TAMS 0x000000070fe00000, 0x000000070fe00000| Complete 
| 109|0x0000000710000000, 0x0000000710000000, 0x0000000710200000|  0%| F|  |TAMS 0x0000000710000000, 0x0000000710000000| Untracked 
| 110|0x0000000710200000, 0x0000000710200000, 0x0000000710400000|  0%| F|  |TAMS 0x0000000710200000, 0x0000000710200000| Untracked 
| 111|0x0000000710400000, 0x0000000710400000, 0x0000000710600000|  0%| F|  |TAMS 0x0000000710400000, 0x0000000710400000| Untracked 
| 112|0x0000000710600000, 0x0000000710600000, 0x0000000710800000|  0%| F|  |TAMS 0x0000000710600000, 0x0000000710600000| Untracked 
| 113|0x0000000710800000, 0x0000000710800000, 0x0000000710a00000|  0%| F|  |TAMS 0x0000000710800000, 0x0000000710800000| Untracked 
| 114|0x0000000710a00000, 0x0000000710a00000, 0x0000000710c00000|  0%| F|  |TAMS 0x0000000710a00000, 0x0000000710a00000| Untracked 
| 115|0x0000000710c00000, 0x0000000710c00000, 0x0000000710e00000|  0%| F|  |TAMS 0x0000000710c00000, 0x0000000710c00000| Untracked 
| 116|0x0000000710e00000, 0x0000000710e00000, 0x0000000711000000|  0%| F|  |TAMS 0x0000000710e00000, 0x0000000710e00000| Untracked 
| 117|0x0000000711000000, 0x0000000711000000, 0x0000000711200000|  0%| F|  |TAMS 0x0000000711000000, 0x0000000711000000| Untracked 
| 118|0x0000000711200000, 0x0000000711200000, 0x0000000711400000|  0%| F|  |TAMS 0x0000000711200000, 0x0000000711200000| Untracked 
| 119|0x0000000711400000, 0x0000000711400000, 0x0000000711600000|  0%| F|  |TAMS 0x0000000711400000, 0x0000000711400000| Untracked 
| 120|0x0000000711600000, 0x0000000711600000, 0x0000000711800000|  0%| F|  |TAMS 0x0000000711600000, 0x0000000711600000| Untracked 
| 121|0x0000000711800000, 0x0000000711800000, 0x0000000711a00000|  0%| F|  |TAMS 0x0000000711800000, 0x0000000711800000| Untracked 
| 122|0x0000000711a00000, 0x0000000711a00000, 0x0000000711c00000|  0%| F|  |TAMS 0x0000000711a00000, 0x0000000711a00000| Untracked 
| 123|0x0000000711c00000, 0x0000000711c00000, 0x0000000711e00000|  0%| F|  |TAMS 0x0000000711c00000, 0x0000000711c00000| Untracked 
| 124|0x0000000711e00000, 0x0000000711e00000, 0x0000000712000000|  0%| F|  |TAMS 0x0000000711e00000, 0x0000000711e00000| Untracked 
| 125|0x0000000712000000, 0x0000000712000000, 0x0000000712200000|  0%| F|  |TAMS 0x0000000712000000, 0x0000000712000000| Untracked 
| 126|0x0000000712200000, 0x0000000712341a70, 0x0000000712400000| 62%| E|  |TAMS 0x0000000712200000, 0x0000000712200000| Complete 

Card table byte_map: [0x0000019af4630000,0x0000019af4e20000] _byte_map_base: 0x0000019af0e1d000

Marking Bits (Prev, Next): (CMBitMap*) 0x0000019add2613c0, (CMBitMap*) 0x0000019add261400
 Prev Bits: [0x0000019af5610000, 0x0000019af9578000)
 Next Bits: [0x0000019af9580000, 0x0000019afd4e8000)

Polling page: 0x0000019adb190000

Metaspace:

Usage:
  Non-class:      8.44 MB used.
      Class:      1.21 MB used.
       Both:      9.65 MB used.

Virtual space:
  Non-class space:       64.00 MB reserved,       8.62 MB ( 13%) committed,  1 nodes.
      Class space:        1.00 GB reserved,       1.38 MB ( <1%) committed,  1 nodes.
             Both:        1.06 GB reserved,      10.00 MB ( <1%) committed. 

Chunk freelists:
   Non-Class:  3.22 MB
       Class:  2.58 MB
        Both:  5.80 MB

MaxMetaspaceSize: unlimited
CompressedClassSpaceSize: 1.00 GB
Initial GC threshold: 21.00 MB
Current GC threshold: 21.00 MB
CDS: on
MetaspaceReclaimPolicy: balanced
 - commit_granule_bytes: 65536.
 - commit_granule_words: 8192.
 - virtual_space_node_default_size: 8388608.
 - enlarge_chunks_in_place: 1.
 - new_chunks_are_fully_committed: 0.
 - uncommit_free_chunks: 1.
 - use_allocation_guard: 0.


Internal statistics:

num_allocs_failed_limit: 0.
num_arena_births: 282.
num_arena_deaths: 0.
num_vsnodes_births: 2.
num_vsnodes_deaths: 0.
num_space_committed: 160.
num_space_uncommitted: 0.
num_chunks_returned_to_freelist: 0.
num_chunks_taken_from_freelist: 535.
num_chunk_merges: 0.
num_chunk_splits: 376.
num_chunks_enlarged: 273.
num_inconsistent_stats: 0.

CodeHeap 'non-profiled nmethods': size=120000Kb used=719Kb max_used=719Kb free=119280Kb
 bounds [0x0000019aec5e0000, 0x0000019aec850000, 0x0000019af3b10000]
CodeHeap 'profiled nmethods': size=120000Kb used=2829Kb max_used=2829Kb free=117170Kb
 bounds [0x0000019ae50b0000, 0x0000019ae5380000, 0x0000019aec5e0000]
CodeHeap 'non-nmethods': size=5760Kb used=1301Kb max_used=1314Kb free=4458Kb
 bounds [0x0000019ae4b10000, 0x0000019ae4d80000, 0x0000019ae50b0000]
 total_blobs=2281 nmethods=1666 adapters=527
 compilation: enabled
              stopped_count=0, restarted_count=0
 full_count=0

Compilation events (20 events):
Event: 1.378 Thread 0x0000019afff205d0 1580       3       java.lang.invoke.MethodHandles$Lookup::resolveOrFail (48 bytes)
Event: 1.379 Thread 0x0000019afff205d0 nmethod 1580 0x0000019ae534b690 code [0x0000019ae534b8c0, 0x0000019ae534bf68]
Event: 1.379 Thread 0x0000019afff205d0 1581       3       java.lang.invoke.MethodHandles$Lookup::checkMethodName (45 bytes)
Event: 1.379 Thread 0x0000019afff205d0 nmethod 1581 0x0000019ae534c210 code [0x0000019ae534c460, 0x0000019ae534cbc8]
Event: 1.379 Thread 0x0000019afff205d0 1582       1       java.lang.reflect.Method::getDeclaringClass (5 bytes)
Event: 1.379 Thread 0x0000019afff205d0 nmethod 1582 0x0000019aec68ca10 code [0x0000019aec68cba0, 0x0000019aec68cc78]
Event: 1.379 Thread 0x0000019afff205d0 1584       3       jdk.internal.misc.Unsafe::weakCompareAndSetInt (11 bytes)
Event: 1.380 Thread 0x0000019afff205d0 nmethod 1584 0x0000019ae534cf10 code [0x0000019ae534d0a0, 0x0000019ae534d1d8]
Event: 1.380 Thread 0x0000019afff205d0 1585       3       java.lang.invoke.MemberName::changeReferenceKind (60 bytes)
Event: 1.380 Thread 0x0000019afff205d0 nmethod 1585 0x0000019ae534d290 code [0x0000019ae534d420, 0x0000019ae534d558]
Event: 1.380 Thread 0x0000019a84e9f120 nmethod 1579 0x0000019aec68d110 code [0x0000019aec68d2a0, 0x0000019aec68d598]
Event: 1.383 Thread 0x0000019afff205d0 1586       3       java.lang.invoke.BoundMethodHandle::editor (8 bytes)
Event: 1.387 Thread 0x0000019afff205d0 nmethod 1586 0x0000019ae534d610 code [0x0000019ae534d7e0, 0x0000019ae534db88]
Event: 1.388 Thread 0x0000019afff205d0 1587       3       java.lang.invoke.MethodHandle::asTypeCached (52 bytes)
Event: 1.388 Thread 0x0000019afff1edf0 1588       4       java.util.ArrayList::<init> (12 bytes)
Event: 1.388 Thread 0x0000019afff205d0 nmethod 1587 0x0000019ae534dd10 code [0x0000019ae534dee0, 0x0000019ae534e348]
Event: 1.389 Thread 0x0000019afff1edf0 nmethod 1588 0x0000019aec68d810 code [0x0000019aec68d980, 0x0000019aec68dad8]
Event: 1.391 Thread 0x0000019afff205d0 1590       3       sun.invoke.util.BytecodeDescriptor::unparseMethod (66 bytes)
Event: 1.391 Thread 0x0000019afff205d0 nmethod 1590 0x0000019ae534e490 code [0x0000019ae534e6c0, 0x0000019ae534ed48]
Event: 1.392 Thread 0x0000019afff205d0 1594       3       jdk.internal.org.objectweb.asm.MethodWriter::<init> (232 bytes)

GC Heap History (2 events):
Event: 0.490 GC heap before
{Heap before GC invocations=0 (full 0):
 garbage-first heap   total 260096K, used 22528K [0x0000000702600000, 0x0000000800000000)
  region size 2048K, 11 young (22528K), 0 survivors (0K)
 Metaspace       used 993K, committed 1216K, reserved 1114112K
  class space    used 76K, committed 192K, reserved 1048576K
}
Event: 0.493 GC heap after
{Heap after GC invocations=1 (full 0):
 garbage-first heap   total 260096K, used 1621K [0x0000000702600000, 0x0000000800000000)
  region size 2048K, 1 young (2048K), 1 survivors (2048K)
 Metaspace       used 993K, committed 1216K, reserved 1114112K
  class space    used 76K, committed 192K, reserved 1048576K
}

Deoptimization events (20 events):
Event: 1.336 Thread 0x0000019a840e9dd0 Uncommon trap: trap_request=0xffffffde fr.pc=0x0000019aec62cb28 relative=0x00000000000002e8
Event: 1.336 Thread 0x0000019a840e9dd0 Uncommon trap: reason=class_check action=maybe_recompile pc=0x0000019aec62cb28 method=java.util.HashMap.getNode(Ljava/lang/Object;)Ljava/util/HashMap$Node; @ 128 c2
Event: 1.336 Thread 0x0000019a840e9dd0 DEOPT PACKING pc=0x0000019aec62cb28 sp=0x000000651fefc720
Event: 1.336 Thread 0x0000019a840e9dd0 DEOPT UNPACKING pc=0x0000019ae4b623a3 sp=0x000000651fefc638 mode 2
Event: 1.336 Thread 0x0000019a840e9dd0 Uncommon trap: trap_request=0xffffffde fr.pc=0x0000019aec62cb28 relative=0x00000000000002e8
Event: 1.336 Thread 0x0000019a840e9dd0 Uncommon trap: reason=class_check action=maybe_recompile pc=0x0000019aec62cb28 method=java.util.HashMap.getNode(Ljava/lang/Object;)Ljava/util/HashMap$Node; @ 128 c2
Event: 1.336 Thread 0x0000019a840e9dd0 DEOPT PACKING pc=0x0000019aec62cb28 sp=0x000000651fefc720
Event: 1.336 Thread 0x0000019a840e9dd0 DEOPT UNPACKING pc=0x0000019ae4b623a3 sp=0x000000651fefc638 mode 2
Event: 1.336 Thread 0x0000019a840e9dd0 Uncommon trap: trap_request=0xffffffde fr.pc=0x0000019aec627d10 relative=0x00000000000002d0
Event: 1.336 Thread 0x0000019a840e9dd0 Uncommon trap: reason=class_check action=maybe_recompile pc=0x0000019aec627d10 method=java.util.HashMap.getNode(Ljava/lang/Object;)Ljava/util/HashMap$Node; @ 128 c2
Event: 1.336 Thread 0x0000019a840e9dd0 DEOPT PACKING pc=0x0000019aec627d10 sp=0x000000651fefc6c0
Event: 1.336 Thread 0x0000019a840e9dd0 DEOPT UNPACKING pc=0x0000019ae4b623a3 sp=0x000000651fefc638 mode 2
Event: 1.336 Thread 0x0000019a840e9dd0 Uncommon trap: trap_request=0xffffff45 fr.pc=0x0000019aec6630d0 relative=0x0000000000000330
Event: 1.336 Thread 0x0000019a840e9dd0 Uncommon trap: reason=unstable_if action=reinterpret pc=0x0000019aec6630d0 method=java.util.HashMap.putVal(ILjava/lang/Object;Ljava/lang/Object;ZZ)Ljava/lang/Object; @ 162 c2
Event: 1.336 Thread 0x0000019a840e9dd0 DEOPT PACKING pc=0x0000019aec6630d0 sp=0x000000651fefc650
Event: 1.336 Thread 0x0000019a840e9dd0 DEOPT UNPACKING pc=0x0000019ae4b623a3 sp=0x000000651fefc598 mode 2
Event: 1.338 Thread 0x0000019a840e9dd0 Uncommon trap: trap_request=0xffffff45 fr.pc=0x0000019aec624508 relative=0x0000000000000aa8
Event: 1.338 Thread 0x0000019a840e9dd0 Uncommon trap: reason=unstable_if action=reinterpret pc=0x0000019aec624508 method=java.util.HashMap.resize()[Ljava/util/HashMap$Node; @ 203 c2
Event: 1.338 Thread 0x0000019a840e9dd0 DEOPT PACKING pc=0x0000019aec624508 sp=0x000000651fefc520
Event: 1.338 Thread 0x0000019a840e9dd0 DEOPT UNPACKING pc=0x0000019ae4b623a3 sp=0x000000651fefc4c0 mode 2

Classes loaded (20 events):
Event: 1.310 Loading class sun/net/www/protocol/jar/URLJarFile$URLJarFileEntry
Event: 1.310 Loading class sun/net/www/protocol/jar/URLJarFile$URLJarFileEntry done
Event: 1.310 Loading class sun/net/www/protocol/jar/JarURLConnection$JarURLInputStream
Event: 1.310 Loading class sun/net/www/protocol/jar/JarURLConnection$JarURLInputStream done
Event: 1.322 Loading class java/util/AbstractList$RandomAccessSubList
Event: 1.322 Loading class java/util/AbstractList$SubList
Event: 1.322 Loading class java/util/AbstractList$SubList done
Event: 1.322 Loading class java/util/AbstractList$RandomAccessSubList done
Event: 1.323 Loading class java/util/AbstractList$SubList$1
Event: 1.323 Loading class java/util/AbstractList$SubList$1 done
Event: 1.323 Loading class java/util/AbstractList$ListItr
Event: 1.323 Loading class java/util/AbstractList$ListItr done
Event: 1.359 Loading class java/util/WeakHashMap$Values
Event: 1.360 Loading class java/util/WeakHashMap$Values done
Event: 1.360 Loading class java/util/WeakHashMap$ValueIterator
Event: 1.360 Loading class java/util/WeakHashMap$ValueIterator done
Event: 1.363 Loading class java/lang/CloneNotSupportedException
Event: 1.363 Loading class java/lang/CloneNotSupportedException done
Event: 1.373 Loading class java/util/LinkedList$ListItr
Event: 1.373 Loading class java/util/LinkedList$ListItr done

Classes unloaded (0 events):
No events

Classes redefined (0 events):
No events

Internal exceptions (20 events):
Event: 1.125 Thread 0x0000019a840e9dd0 Exception <a 'java/lang/NoSuchMethodError'{0x00000007115c4f30}: 'int java.lang.invoke.DirectMethodHandle$Holder.invokeSpecial(java.lang.Object, java.lang.Object, java.lang.Object, int)'> (0x00000007115c4f30) 
thrown [t:\workspace\open\src\hotspot\share\interpreter\linkResolver.cpp, line 766]
Event: 1.127 Thread 0x0000019a840e9dd0 Exception <a 'java/lang/NoSuchMethodError'{0x00000007115d7798}: 'java.lang.Object java.lang.invoke.DirectMethodHandle$Holder.invokeStatic(java.lang.Object, java.lang.Object, java.lang.Object, java.lang.Object, int)'> (0x00000007115d7798) 
thrown [t:\workspace\open\src\hotspot\share\interpreter\linkResolver.cpp, line 766]
Event: 1.129 Thread 0x0000019a840e9dd0 Exception <a 'java/lang/NoSuchMethodError'{0x00000007115df7b0}: 'long java.lang.invoke.DirectMethodHandle$Holder.invokeStatic(java.lang.Object, java.lang.Object, int)'> (0x00000007115df7b0) 
thrown [t:\workspace\open\src\hotspot\share\interpreter\linkResolver.cpp, line 766]
Event: 1.131 Thread 0x0000019a840e9dd0 Exception <a 'java/lang/NoSuchMethodError'{0x00000007115ee120}: 'java.lang.Object java.lang.invoke.DelegatingMethodHandle$Holder.reinvoke_L(java.lang.Object, int, long, java.lang.Object, java.lang.Object, int, java.lang.Object)'> (0x00000007115ee120) 
thrown [t:\workspace\open\src\hotspot\share\interpreter\linkResolver.cpp, line 766]
Event: 1.131 Thread 0x0000019a840e9dd0 Exception <a 'java/lang/NoSuchMethodError'{0x00000007115f23f8}: 'int java.lang.invoke.DirectMethodHandle$Holder.invokeSpecial(java.lang.Object, java.lang.Object, java.lang.Object)'> (0x00000007115f23f8) 
thrown [t:\workspace\open\src\hotspot\share\interpreter\linkResolver.cpp, line 766]
Event: 1.138 Thread 0x0000019a840e9dd0 Exception <a 'java/lang/NoSuchMethodError'{0x00000007112154b0}: 'java.lang.Object java.lang.invoke.DirectMethodHandle$Holder.invokeStatic(java.lang.Object, java.lang.Object, int)'> (0x00000007112154b0) 
thrown [t:\workspace\open\src\hotspot\share\interpreter\linkResolver.cpp, line 766]
Event: 1.139 Thread 0x0000019a840e9dd0 Exception <a 'java/lang/NoSuchMethodError'{0x0000000711219b50}: 'void java.lang.invoke.DirectMethodHandle$Holder.invokeStatic(java.lang.Object, java.lang.Object, int, java.lang.Object)'> (0x0000000711219b50) 
thrown [t:\workspace\open\src\hotspot\share\interpreter\linkResolver.cpp, line 766]
Event: 1.140 Thread 0x0000019a840e9dd0 Exception <a 'java/lang/NoSuchMethodError'{0x0000000711220b58}: 'void java.lang.invoke.DelegatingMethodHandle$Holder.delegate(java.lang.Object, java.lang.Object, int, java.lang.Object)'> (0x0000000711220b58) 
thrown [t:\workspace\open\src\hotspot\share\interpreter\linkResolver.cpp, line 766]
Event: 1.203 Thread 0x0000019a840e9dd0 Exception <a 'sun/nio/fs/WindowsException'{0x0000000711177bf8}> (0x0000000711177bf8) 
thrown [t:\workspace\open\src\hotspot\share\prims\jni.cpp, line 516]
Event: 1.222 Thread 0x0000019affeeb6f0 Exception <a 'sun/nio/fs/WindowsException'{0x0000000710efec68}> (0x0000000710efec68) 
thrown [t:\workspace\open\src\hotspot\share\prims\jni.cpp, line 516]
Event: 1.254 Thread 0x0000019a840e9dd0 Exception <a 'java/lang/NoSuchMethodError'{0x0000000710bb6d70}: 'java.lang.Object java.lang.invoke.DirectMethodHandle$Holder.invokeStaticInit(java.lang.Object, java.lang.Object, java.lang.Object, java.lang.Object)'> (0x0000000710bb6d70) 
thrown [t:\workspace\open\src\hotspot\share\interpreter\linkResolver.cpp, line 766]
Event: 1.255 Thread 0x0000019a840e9dd0 Exception <a 'java/lang/NullPointerException'{0x0000000710bc45b0}> (0x0000000710bc45b0) 
thrown [t:\workspace\open\src\hotspot\share\interpreter\linkResolver.cpp, line 1357]
Event: 1.287 Thread 0x0000019a840e9dd0 Exception <a 'java/lang/ClassNotFoundException'{0x0000000710614880}: com/sun/glass/ui/win/themes> (0x0000000710614880) 
thrown [t:\workspace\open\src\hotspot\share\prims\jni.cpp, line 535]
Event: 1.288 Thread 0x0000019a840e9dd0 Exception <a 'java/lang/ClassNotFoundException'{0x00000007106209a0}: com/sun/glass/ui/win/themes_zh> (0x00000007106209a0) 
thrown [t:\workspace\open\src\hotspot\share\prims\jni.cpp, line 535]
Event: 1.288 Thread 0x0000019a840e9dd0 Exception <a 'java/lang/ClassNotFoundException'{0x0000000710621a10}: com/sun/glass/ui/win/themes_zh_TW> (0x0000000710621a10) 
thrown [t:\workspace\open\src\hotspot\share\prims\jni.cpp, line 535]
Event: 1.288 Thread 0x0000019a840e9dd0 Exception <a 'java/lang/ClassNotFoundException'{0x0000000710629ac8}: com/sun/glass/ui/win/themes_zh_Hant> (0x0000000710629ac8) 
thrown [t:\workspace\open\src\hotspot\share\prims\jni.cpp, line 535]
Event: 1.289 Thread 0x0000019a840e9dd0 Exception <a 'java/lang/ClassNotFoundException'{0x000000071062ab08}: com/sun/glass/ui/win/themes_zh_Hant_TW> (0x000000071062ab08) 
thrown [t:\workspace\open\src\hotspot\share\prims\jni.cpp, line 535]
Event: 1.360 Thread 0x0000019a840e9dd0 Exception <a 'java/lang/NoSuchMethodError'{0x0000000710367238}: 'void java.lang.invoke.DirectMethodHandle$Holder.invokeStaticInit(java.lang.Object, java.lang.Object)'> (0x0000000710367238) 
thrown [t:\workspace\open\src\hotspot\share\interpreter\linkResolver.cpp, line 766]
Event: 1.390 Thread 0x0000019a840e9dd0 Exception <a 'java/lang/NoSuchMethodError'{0x0000000710045650}: 'void java.lang.invoke.DirectMethodHandle$Holder.invokeSpecial(java.lang.Object, java.lang.Object, double)'> (0x0000000710045650) 
thrown [t:\workspace\open\src\hotspot\share\interpreter\linkResolver.cpp, line 766]
Event: 1.392 Thread 0x0000019a840e9dd0 Exception <a 'java/lang/NoSuchMethodError'{0x0000000710050458}: 'double java.lang.invoke.DelegatingMethodHandle$Holder.reinvoke_L(java.lang.Object, java.lang.Object, int)'> (0x0000000710050458) 
thrown [t:\workspace\open\src\hotspot\share\interpreter\linkResolver.cpp, line 766]

VM Operations (16 events):
Event: 0.428 Executing VM operation: HandshakeAllThreads
Event: 0.428 Executing VM operation: HandshakeAllThreads done
Event: 0.490 Executing VM operation: G1CollectForAllocation
Event: 0.493 Executing VM operation: G1CollectForAllocation done
Event: 0.534 Executing VM operation: HandshakeAllThreads
Event: 0.534 Executing VM operation: HandshakeAllThreads done
Event: 0.975 Executing VM operation: HandshakeAllThreads
Event: 0.975 Executing VM operation: HandshakeAllThreads done
Event: 1.065 Executing VM operation: HandshakeAllThreads
Event: 1.065 Executing VM operation: HandshakeAllThreads done
Event: 1.138 Executing VM operation: HandshakeAllThreads
Event: 1.138 Executing VM operation: HandshakeAllThreads done
Event: 1.309 Executing VM operation: HandshakeAllThreads
Event: 1.309 Executing VM operation: HandshakeAllThreads done
Event: 1.345 Executing VM operation: ICBufferFull
Event: 1.346 Executing VM operation: ICBufferFull done

Events (20 events):
Event: 0.853 Loaded shared library C:\Users\隨風\.openjfx\cache\18-ea\api-ms-win-crt-string-l1-1-0.dll
Event: 0.856 Loaded shared library C:\Users\隨風\.openjfx\cache\18-ea\api-ms-win-crt-time-l1-1-0.dll
Event: 0.859 Loaded shared library C:\Users\隨風\.openjfx\cache\18-ea\api-ms-win-crt-utility-l1-1-0.dll
Event: 0.873 Thread 0x0000019a841dc220 Thread exited: 0x0000019a841dc220
Event: 0.879 Loaded shared library C:\Users\隨風\.openjfx\cache\18-ea\ucrtbase.dll
Event: 0.883 Loaded shared library C:\Users\隨風\.openjfx\cache\18-ea\vcruntime140.dll
Event: 0.886 Loaded shared library C:\Users\隨風\.openjfx\cache\18-ea\vcruntime140_1.dll
Event: 0.897 Loaded shared library C:\Users\隨風\.openjfx\cache\18-ea\msvcp140.dll
Event: 0.931 Thread 0x0000019a840ea2a0 Thread added: 0x0000019a840ea2a0
Event: 0.943 Loaded shared library C:\Users\隨風\.openjfx\cache\18-ea\prism_d3d.dll
Event: 0.985 Loaded shared library C:\Users\隨風\.openjfx\cache\18-ea\glass.dll
Event: 0.987 Thread 0x0000019a840e8a90 Thread added: 0x0000019a840e8a90
Event: 0.991 Thread 0x0000019a840e9dd0 Thread added: 0x0000019a840e9dd0
Event: 1.039 Thread 0x0000019a84115b20 Thread exited: 0x0000019a84115b20
Event: 1.085 Thread 0x0000019a840ebab0 Thread added: 0x0000019a840ebab0
Event: 1.090 Thread 0x0000019a840ebf80 Thread added: 0x0000019a840ebf80
Event: 1.120 Loaded shared library C:\Users\隨風\.jdks\openjdk-18\bin\jimage.dll
Event: 1.190 Thread 0x0000019a84e9f120 Thread added: 0x0000019a84e9f120
Event: 1.306 Loaded shared library C:\Users\隨風\.openjfx\cache\18-ea\javafx_font.dll
Event: 1.341 Thread 0x0000019a85192210 Thread added: 0x0000019a85192210


Dynamic libraries:
0x00007ff687cb0000 - 0x00007ff687cbe000 	C:\Users\隨風\.jdks\openjdk-18\bin\java.exe
0x00007ffea1370000 - 0x00007ffea1565000 	C:\WINDOWS\SYSTEM32\ntdll.dll
0x00007ffe9fd00000 - 0x00007ffe9fdbd000 	C:\WINDOWS\System32\KERNEL32.DLL
0x00007ffe9ee90000 - 0x00007ffe9f15d000 	C:\WINDOWS\System32\KERNELBASE.dll
0x00007ffe9f220000 - 0x00007ffe9f320000 	C:\WINDOWS\System32\ucrtbase.dll
0x00007ffe7c270000 - 0x00007ffe7c287000 	C:\Users\隨風\.jdks\openjdk-18\bin\jli.dll
0x00007ffe7a860000 - 0x00007ffe7a87a000 	C:\Users\隨風\.jdks\openjdk-18\bin\VCRUNTIME140.dll
0x00007ffe9f420000 - 0x00007ffe9f5c0000 	C:\WINDOWS\System32\USER32.dll
0x00007ffe9ec90000 - 0x00007ffe9ecb2000 	C:\WINDOWS\System32\win32u.dll
0x00007ffe87a80000 - 0x00007ffe87d1a000 	C:\WINDOWS\WinSxS\amd64_microsoft.windows.common-controls_6595b64144ccf1df_6.0.19041.1110_none_60b5254171f9507e\COMCTL32.dll
0x00007ffea0dd0000 - 0x00007ffea0dfa000 	C:\WINDOWS\System32\GDI32.dll
0x00007ffe9ed30000 - 0x00007ffe9ee3b000 	C:\WINDOWS\System32\gdi32full.dll
0x00007ffea0d30000 - 0x00007ffea0dce000 	C:\WINDOWS\System32\msvcrt.dll
0x00007ffe9f320000 - 0x00007ffe9f3bd000 	C:\WINDOWS\System32\msvcp_win.dll
0x00007ffea0530000 - 0x00007ffea0560000 	C:\WINDOWS\System32\IMM32.DLL
0x00007ffe8ee90000 - 0x00007ffe8ee9c000 	C:\Users\隨風\.jdks\openjdk-18\bin\vcruntime140_1.dll
0x00007ffe44f50000 - 0x00007ffe44fdd000 	C:\Users\隨風\.jdks\openjdk-18\bin\msvcp140.dll
0x00007ffe3f510000 - 0x00007ffe40121000 	C:\Users\隨風\.jdks\openjdk-18\bin\server\jvm.dll
0x00007ffe9f620000 - 0x00007ffe9f6ce000 	C:\WINDOWS\System32\ADVAPI32.dll
0x00007ffea0e00000 - 0x00007ffea0e9c000 	C:\WINDOWS\System32\sechost.dll
0x00007ffe9fbd0000 - 0x00007ffe9fcf5000 	C:\WINDOWS\System32\RPCRT4.dll
0x00007ffea0560000 - 0x00007ffea0568000 	C:\WINDOWS\System32\PSAPI.DLL
0x00007ffe82900000 - 0x00007ffe82927000 	C:\WINDOWS\SYSTEM32\WINMM.dll
0x00007ffe9a1a0000 - 0x00007ffe9a1a9000 	C:\WINDOWS\SYSTEM32\WSOCK32.dll
0x00007ffe98050000 - 0x00007ffe9805a000 	C:\WINDOWS\SYSTEM32\VERSION.dll
0x00007ffea0620000 - 0x00007ffea068b000 	C:\WINDOWS\System32\WS2_32.dll
0x00007ffe9d2e0000 - 0x00007ffe9d2f2000 	C:\WINDOWS\SYSTEM32\kernel.appcore.dll
0x00007ffe8ed20000 - 0x00007ffe8ed2a000 	C:\Users\隨風\.jdks\openjdk-18\bin\jimage.dll
0x00007ffe9c640000 - 0x00007ffe9c824000 	C:\WINDOWS\SYSTEM32\DBGHELP.DLL
0x00007ffe762e0000 - 0x00007ffe7630c000 	C:\WINDOWS\SYSTEM32\dbgcore.DLL
0x00007ffe9f160000 - 0x00007ffe9f1e2000 	C:\WINDOWS\System32\bcryptPrimitives.dll
0x00007ffe8a880000 - 0x00007ffe8a88e000 	C:\Users\隨風\.jdks\openjdk-18\bin\instrument.dll
0x00007ffe68dd0000 - 0x00007ffe68df5000 	C:\Users\隨風\.jdks\openjdk-18\bin\java.dll
0x00007ffe44550000 - 0x00007ffe44626000 	C:\Users\隨風\.jdks\openjdk-18\bin\jsvml.dll
0x00007ffe9fde0000 - 0x00007ffea0524000 	C:\WINDOWS\System32\SHELL32.dll
0x00007ffe9c830000 - 0x00007ffe9cfc4000 	C:\WINDOWS\SYSTEM32\windows.storage.dll
0x00007ffe9f6e0000 - 0x00007ffe9fa34000 	C:\WINDOWS\System32\combase.dll
0x00007ffe9e410000 - 0x00007ffe9e43c000 	C:\WINDOWS\SYSTEM32\Wldp.dll
0x00007ffea11b0000 - 0x00007ffea125d000 	C:\WINDOWS\System32\SHCORE.dll
0x00007ffe9fb60000 - 0x00007ffe9fbb5000 	C:\WINDOWS\System32\shlwapi.dll
0x00007ffe9e9c0000 - 0x00007ffe9e9df000 	C:\WINDOWS\SYSTEM32\profapi.dll
0x00007ffe77670000 - 0x00007ffe77683000 	C:\Users\隨風\.jdks\openjdk-18\bin\net.dll
0x00007ffe96b20000 - 0x00007ffe96c2a000 	C:\WINDOWS\SYSTEM32\WINHTTP.dll
0x00007ffe9e120000 - 0x00007ffe9e18a000 	C:\WINDOWS\system32\mswsock.dll
0x00007ffe750e0000 - 0x00007ffe750f6000 	C:\Users\隨風\.jdks\openjdk-18\bin\nio.dll
0x00007ffe68c10000 - 0x00007ffe68c28000 	C:\Users\隨風\.jdks\openjdk-18\bin\zip.dll
0x00007ffe5c0d0000 - 0x00007ffe5c0ea000 	C:\Program Files\JetBrains\IntelliJ IDEA Community Edition 2021.3.3\bin\breakgen64.dll
0x0000019adb1e0000 - 0x0000019adb1e3000 	C:\Users\隨風\.openjfx\cache\18-ea\api-ms-win-core-console-l1-1-0.dll
0x0000019adb1f0000 - 0x0000019adb1f3000 	C:\Users\隨風\.openjfx\cache\18-ea\api-ms-win-core-console-l1-2-0.dll
0x0000019add170000 - 0x0000019add173000 	C:\Users\隨風\.openjfx\cache\18-ea\api-ms-win-core-datetime-l1-1-0.dll
0x0000019add180000 - 0x0000019add183000 	C:\Users\隨風\.openjfx\cache\18-ea\api-ms-win-core-debug-l1-1-0.dll
0x0000019add190000 - 0x0000019add193000 	C:\Users\隨風\.openjfx\cache\18-ea\api-ms-win-core-errorhandling-l1-1-0.dll
0x0000019add1a0000 - 0x0000019add1a4000 	C:\Users\隨風\.openjfx\cache\18-ea\api-ms-win-core-file-l1-1-0.dll
0x0000019afffe0000 - 0x0000019afffe3000 	C:\Users\隨風\.openjfx\cache\18-ea\api-ms-win-core-file-l1-2-0.dll
0x0000019affff0000 - 0x0000019affff3000 	C:\Users\隨風\.openjfx\cache\18-ea\api-ms-win-core-file-l2-1-0.dll
0x0000019a84c00000 - 0x0000019a84c03000 	C:\Users\隨風\.openjfx\cache\18-ea\api-ms-win-core-handle-l1-1-0.dll
0x0000019a84c10000 - 0x0000019a84c13000 	C:\Users\隨風\.openjfx\cache\18-ea\api-ms-win-core-heap-l1-1-0.dll
0x0000019a84c20000 - 0x0000019a84c23000 	C:\Users\隨風\.openjfx\cache\18-ea\api-ms-win-core-interlocked-l1-1-0.dll
0x0000019a84c30000 - 0x0000019a84c33000 	C:\Users\隨風\.openjfx\cache\18-ea\api-ms-win-core-libraryloader-l1-1-0.dll
0x0000019a84c40000 - 0x0000019a84c43000 	C:\Users\隨風\.openjfx\cache\18-ea\api-ms-win-core-localization-l1-2-0.dll
0x0000019a84c50000 - 0x0000019a84c53000 	C:\Users\隨風\.openjfx\cache\18-ea\api-ms-win-core-memory-l1-1-0.dll
0x0000019a84c60000 - 0x0000019a84c63000 	C:\Users\隨風\.openjfx\cache\18-ea\api-ms-win-core-namedpipe-l1-1-0.dll
0x0000019a84c70000 - 0x0000019a84c73000 	C:\Users\隨風\.openjfx\cache\18-ea\api-ms-win-core-processenvironment-l1-1-0.dll
0x0000019a84c80000 - 0x0000019a84c83000 	C:\Users\隨風\.openjfx\cache\18-ea\api-ms-win-core-processthreads-l1-1-0.dll
0x0000019a84c90000 - 0x0000019a84c93000 	C:\Users\隨風\.openjfx\cache\18-ea\api-ms-win-core-processthreads-l1-1-1.dll
0x0000019a84ca0000 - 0x0000019a84ca3000 	C:\Users\隨風\.openjfx\cache\18-ea\api-ms-win-core-profile-l1-1-0.dll
0x0000019a84cb0000 - 0x0000019a84cb3000 	C:\Users\隨風\.openjfx\cache\18-ea\api-ms-win-core-rtlsupport-l1-1-0.dll
0x0000019a84cc0000 - 0x0000019a84cc3000 	C:\Users\隨風\.openjfx\cache\18-ea\api-ms-win-core-string-l1-1-0.dll
0x0000019a84cd0000 - 0x0000019a84cd3000 	C:\Users\隨風\.openjfx\cache\18-ea\api-ms-win-core-synch-l1-1-0.dll
0x0000019a84ce0000 - 0x0000019a84ce3000 	C:\Users\隨風\.openjfx\cache\18-ea\api-ms-win-core-synch-l1-2-0.dll
0x0000019a84cf0000 - 0x0000019a84cf3000 	C:\Users\隨風\.openjfx\cache\18-ea\api-ms-win-core-sysinfo-l1-1-0.dll
0x0000019a84d00000 - 0x0000019a84d03000 	C:\Users\隨風\.openjfx\cache\18-ea\api-ms-win-core-timezone-l1-1-0.dll
0x0000019a84d10000 - 0x0000019a84d13000 	C:\Users\隨風\.openjfx\cache\18-ea\api-ms-win-core-util-l1-1-0.dll
0x0000019a84d20000 - 0x0000019a84d23000 	C:\Users\隨風\.openjfx\cache\18-ea\api-ms-win-crt-conio-l1-1-0.dll
0x0000019a84d30000 - 0x0000019a84d34000 	C:\Users\隨風\.openjfx\cache\18-ea\api-ms-win-crt-convert-l1-1-0.dll
0x0000019a84d40000 - 0x0000019a84d43000 	C:\Users\隨風\.openjfx\cache\18-ea\api-ms-win-crt-environment-l1-1-0.dll
0x0000019a84d50000 - 0x0000019a84d53000 	C:\Users\隨風\.openjfx\cache\18-ea\api-ms-win-crt-filesystem-l1-1-0.dll
0x0000019a84d60000 - 0x0000019a84d63000 	C:\Users\隨風\.openjfx\cache\18-ea\api-ms-win-crt-heap-l1-1-0.dll
0x0000019a84d70000 - 0x0000019a84d73000 	C:\Users\隨風\.openjfx\cache\18-ea\api-ms-win-crt-locale-l1-1-0.dll
0x0000019a84d80000 - 0x0000019a84d85000 	C:\Users\隨風\.openjfx\cache\18-ea\api-ms-win-crt-math-l1-1-0.dll
0x0000019a84d90000 - 0x0000019a84d95000 	C:\Users\隨風\.openjfx\cache\18-ea\api-ms-win-crt-multibyte-l1-1-0.dll
0x0000019a84da0000 - 0x0000019a84db0000 	C:\Users\隨風\.openjfx\cache\18-ea\api-ms-win-crt-private-l1-1-0.dll
0x0000019a84db0000 - 0x0000019a84db3000 	C:\Users\隨風\.openjfx\cache\18-ea\api-ms-win-crt-process-l1-1-0.dll
0x0000019a84dc0000 - 0x0000019a84dc4000 	C:\Users\隨風\.openjfx\cache\18-ea\api-ms-win-crt-runtime-l1-1-0.dll
0x0000019a84dd0000 - 0x0000019a84dd4000 	C:\Users\隨風\.openjfx\cache\18-ea\api-ms-win-crt-stdio-l1-1-0.dll
0x0000019a84de0000 - 0x0000019a84de4000 	C:\Users\隨風\.openjfx\cache\18-ea\api-ms-win-crt-string-l1-1-0.dll
0x0000019a84df0000 - 0x0000019a84df3000 	C:\Users\隨風\.openjfx\cache\18-ea\api-ms-win-crt-time-l1-1-0.dll
0x0000019a84e00000 - 0x0000019a84e03000 	C:\Users\隨風\.openjfx\cache\18-ea\api-ms-win-crt-utility-l1-1-0.dll
0x00007ffe44450000 - 0x00007ffe4454c000 	C:\Users\隨風\.openjfx\cache\18-ea\ucrtbase.dll
0x00007ffe5b630000 - 0x00007ffe5b64a000 	C:\Users\隨風\.openjfx\cache\18-ea\vcruntime140.dll
0x00007ffe84c70000 - 0x00007ffe84c7c000 	C:\Users\隨風\.openjfx\cache\18-ea\vcruntime140_1.dll
0x00007ffe443c0000 - 0x00007ffe4444d000 	C:\Users\隨風\.openjfx\cache\18-ea\msvcp140.dll
0x00007ffe5b3c0000 - 0x00007ffe5b3ea000 	C:\Users\隨風\.openjfx\cache\18-ea\prism_d3d.dll
0x00007ffe624f0000 - 0x00007ffe626bf000 	C:\WINDOWS\system32\d3d9.dll
0x00007ffe9c1c0000 - 0x00007ffe9c1ef000 	C:\WINDOWS\SYSTEM32\dwmapi.dll
0x00007ffe9bec0000 - 0x00007ffe9bf5e000 	C:\WINDOWS\system32\uxtheme.dll
0x00007ffe62340000 - 0x00007ffe624e2000 	C:\WINDOWS\System32\DriverStore\FileRepository\iigd_dch.inf_amd64_1dc9fc8d5e442f6a\igdumdim64.dll
0x00007ffea0c00000 - 0x00007ffea0d2a000 	C:\WINDOWS\System32\ole32.dll
0x00007ffe5e730000 - 0x00007ffe62340000 	C:\WINDOWS\System32\DriverStore\FileRepository\iigd_dch.inf_amd64_1dc9fc8d5e442f6a\igd9dxva64.dll
0x00007ffea1260000 - 0x00007ffea132d000 	C:\WINDOWS\System32\OLEAUT32.dll
0x00007ffea0690000 - 0x00007ffea0b01000 	C:\WINDOWS\System32\SETUPAPI.dll
0x00007ffe9ee40000 - 0x00007ffe9ee8e000 	C:\WINDOWS\System32\cfgmgr32.dll
0x00007ffe9f1f0000 - 0x00007ffe9f217000 	C:\WINDOWS\System32\bcrypt.dll
0x00007ffe92720000 - 0x00007ffe92ae7000 	C:\WINDOWS\System32\DriverStore\FileRepository\iigd_dch.inf_amd64_1dc9fc8d5e442f6a\igdgmm64.dll
0x00007ffe44370000 - 0x00007ffe443b2000 	C:\Users\隨風\.openjfx\cache\18-ea\glass.dll
0x00007ffea10d0000 - 0x00007ffea11ab000 	C:\WINDOWS\System32\COMDLG32.dll
0x00007ffe9fa40000 - 0x00007ffe9fb55000 	C:\WINDOWS\System32\MSCTF.dll
0x00007ffe8edd0000 - 0x00007ffe8edf7000 	C:\WINDOWS\System32\DriverStore\FileRepository\iigd_dch.inf_amd64_1dc9fc8d5e442f6a\igdinfo64.dll
0x00007ffe8f160000 - 0x00007ffe92712000 	C:\WINDOWS\System32\DriverStore\FileRepository\iigd_dch.inf_amd64_1dc9fc8d5e442f6a\igc64.dll
0x00007ffe98010000 - 0x00007ffe9804b000 	C:\WINDOWS\SYSTEM32\dxcore.dll
0x00007ffe58f70000 - 0x00007ffe58f84000 	C:\Users\隨風\.openjfx\cache\18-ea\javafx_font.dll
0x00007ffe8cc30000 - 0x00007ffe8ceaf000 	C:\WINDOWS\SYSTEM32\dwrite.dll

dbghelp: loaded successfully - version: 4.0.5 - missing functions: none
symbol engine: initialized successfully - sym options: 0x614 - pdb path: .;C:\Users\隨風\.jdks\openjdk-18\bin;C:\WINDOWS\SYSTEM32;C:\WINDOWS\WinSxS\amd64_microsoft.windows.common-controls_6595b64144ccf1df_6.0.19041.1110_none_60b5254171f9507e;C:\Users\隨風\.jdks\openjdk-18\bin\se;C:\Users\隨風\.jdks\openjdk-18\bin\;C:\Users\隨風\.jdks\openjdk-18\bi;C:\Users\隨風\.jdks\openjdk-18\;C:\Users\隨風\.jdks\openjdk-1;C:\Users\隨風\.jdks\openjdk;C:\Users\隨風\.jdks\openjdk-18\bin\server;C:\Program Files\JetBrains\IntelliJ IDEA Community Edit;C:\Program Files\JetBrains\IntelliJ IDEA Community Edition 2021.3.3\bin;C:\Users\隨風\.o;C:\Users\隨風\;C:\Users\隨?C:\Users\隨;C:\Users\?C:\Users\?C:\Users\?C:\Users\?C:\Users\?C:\Users\?C:\Users\?C:\Users\?C:\Users\?C:\Users\?C:\Users\?C:\Users\?C:\Users\?C:\Users\?C:\Users\?C:\Users\?C:\Users\?C:\Users\?C:\Users\?C:\Users\?C:\Users\?C:\Users\?C:\Users\?C:\Users\?C:\Users\?C:\Users\?C:\Users\?C:\Users\?C:\Users\?C:\Users\?C:\Users\?C:\Users\?C:\Users\?C:\Users\?C:\Users\?C:\Users\?C:\Users\?C:\Users\?C:\Users\?C:\Users\?C:\Users\?C:\Users\?C:\Users\隨風\.openjfx\cache\18-ea;C:\WINDOWS\System32\DriverStore\FileRepository\iigd_dch.in;C:\Users\隨風\.openjfx\cache\18-ea;C:\WINDOWS\System32\DriverStore\FileRepository\iigd_dch.;C:\WINDOWS\System32\DriverStore\FileRepository\iigd_dch.;C:\WINDOWS\System32\DriverStore\FileRepository\iigd_dch.

VM Arguments:
jvm_args: -javaagent:C:\Program Files\JetBrains\IntelliJ IDEA Community Edition 2021.3.3\lib\idea_rt.jar=61845:C:\Program Files\JetBrains\IntelliJ IDEA Community Edition 2021.3.3\bin -Dfile.encoding=UTF-8 --module-path=C:\Users\隨風\.m2\repository\org\apache\commons\commons-text\1.9\commons-text-1.9.jar;C:\Users\隨風\.m2\repository\io\ous\jtoml\2.0.0\jtoml-2.0.0.jar;C:\Users\隨風\.m2\repository\io\opentelemetry\opentelemetry-sdk-extension-autoconfigure\1.12.0-alpha\opentelemetry-sdk-extension-autoconfigure-1.12.0-alpha.jar;C:\Users\隨風\.m2\repository\io\opentelemetry\opentelemetry-semconv\1.12.0-alpha\opentelemetry-semconv-1.12.0-alpha.jar;C:\Users\隨風\Documents\GitHub\finalproject\target\classes;C:\Users\隨風\.m2\repository\io\opentelemetry\opentelemetry-sdk\1.12.0\opentelemetry-sdk-1.12.0.jar;C:\Users\隨風\.m2\repository\org\seleniumhq\selenium\selenium-edge-driver\4.1.3\selenium-edge-driver-4.1.3.jar;C:\Users\隨風\.m2\repository\org\seleniumhq\selenium\selenium-api\4.1.3\selenium-api-4.1.3.jar;C:\Users\隨風\.m2\repository\org\openjfx\javafx-controls\18-ea+4\javafx-controls-18-ea+4-win.jar;C:\Users\隨風\.m2\repository\org\seleniumhq\selenium\selenium-devtools-v85\4.1.3\selenium-devtools-v85-4.1.3.jar;C:\Users\隨風\.m2\repository\io\netty\netty-transport\4.1.75.Final\netty-transport-4.1.75.Final.jar;C:\Users\隨風\.m2\repository\org\seleniumhq\selenium\selenium-safari-driver\4.1.3\selenium-safari-driver-4.1.3.jar;C:\Users\隨風\.m2\repository\org\seleniumhq\selenium\selenium-opera-driver\4.1.3\selenium-opera-driver-4.1.3.jar;C:\Users\隨風\.m2\repository\org\seleniumhq\selenium\selenium-chromium-driver\4.1.3\selenium-chromium-driver-4.1.3.jar;C:\Users\隨風\.m2\repository\org\seleniumhq\selenium\selenium-devtools-v99\4.1.3\selenium-devtools-v99-4.1.3.jar;C:\Users\隨風\.m2\repository\org\openjfx\javafx-base\18-ea+4\javafx-base-18-ea+4-win.jar;C:\Users\隨風\.m2\repository\io\opentelemetry\opentelemetry-context\1.12.0\opentelemetry-context-1.12.0.jar;C:\Users\隨風\.m2\repository\org\openjfx\javafx-media\18-ea+4\javafx-media-18-ea+4-win.jar;C:\Users\隨風\.m2\repository\io\opentelemetry\opentelemetry-api\1.12.0\opentelemetry-api-1.12.0.jar;C:\Users\隨風\.m2\repository\org-Djdk.module.main=cpe_client 
java_command: cpe_client/cpe_client.main.MainGui
java_class_path (initial): C:\Users\隨風\.m2\repository\org\openjfx\javafx-controls\18-ea+4\javafx-controls-18-ea+4.jar;C:\Users\隨風\.m2\repository\org\openjfx\javafx-graphics\18-ea+4\javafx-graphics-18-ea+4.jar;C:\Users\隨風\.m2\repository\org\openjfx\javafx-base\18-ea+4\javafx-base-18-ea+4.jar;C:\Users\隨風\.m2\repository\org\openjfx\javafx-web\18-ea+4\javafx-web-18-ea+4.jar;C:\Users\隨風\.m2\repository\org\openjfx\javafx-media\18-ea+4\javafx-media-18-ea+4.jar;C:\Users\隨風\.m2\repository\org\openjfx\javafx-fxml\18-ea+4\javafx-fxml-18-ea+4.jar;C:\Users\隨風\.m2\repository\org\seleniumhq\selenium\selenium-java\4.1.3\selenium-java-4.1.3.jar;C:\Users\隨風\.m2\repository\io\netty\netty-codec\4.1.75.Final\netty-codec-4.1.75.Final.jar;C:\Users\隨風\.m2\repository\io\netty\netty-handler\4.1.75.Final\netty-handler-4.1.75.Final.jar;C:\Users\隨風\.m2\repository\io\netty\netty-transport-native-epoll\4.1.75.Final\netty-transport-native-epoll-4.1.75.Final.jar;C:\Users\隨風\.m2\repository\io\netty\netty-transport-native-kqueue\4.1.75.Final\netty-transport-native-kqueue-4.1.75.Final.jar;C:\Users\隨風\.m2\repository\io\netty\netty-resolver\4.1.75.Final\netty-resolver-4.1.75.Final.jar;C:\Users\隨風\.m2\repository\io\opentelemetry\opentelemetry-exporter-logging\1.12.0\opentelemetry-exporter-logging-1.12.0.jar;C:\Users\隨風\.m2\repository\io\opentelemetry\opentelemetry-sdk-metrics\1.12.0-alpha\opentelemetry-sdk-metrics-1.12.0-alpha.jar;C:\Users\隨風\.m2\repository\io\opentelemetry\opentelemetry-sdk-logs\1.12.0-alpha\opentelemetry-sdk-logs-1.12.0-alpha.jar;C:\Users\隨風\.m2\repository\org\asynchttpclient\async-http-client-netty-utils\2.12.3\async-http-client-netty-utils-2.12.3.jar;C:\Users\隨風\.m2\repository\io\netty\netty-codec-socks\4.1.60.Final\netty-codec-socks-4.1.60.Final.jar;C:\Users\隨風\.m2\repository\io\netty\netty-handler-proxy\4.1.60.Final\netty-handler-proxy-4.1.60.Final.jar;C:\Users\隨風\.m2\repository\io\netty\netty-transport-native-epoll\4.1.60.Final\netty-transport-native-epoll-4.1.60.Final-linux-x86_64.jar;C:\Users\隨風\.m2\repository\io\netty\netty-transport-native-kqueue\4.1.60.Final\netty-transport-native-kqueue-4.1.60.Final-osx-x86_64.jar;C:\Users\隨風\.m2\repository\org\reactivestreams\reactive-streams\1.0.3\reactive-streams-1.0.3.jar;C:\Users\隨風\.m2\repository\com\typesafe\netty\netty-reactive-streams\2.0.4\netty-reactive-streams-2.0.4.jar;C:\Users\隨風\.m2\repository\com\sun\activation\jakarta.activation\1.2.2\jakarta.activation-1.2.2.jar;C:\Users\隨風\.m2\repository\org\seleniumhq\selenium\selenium-support\4.1.3\selenium-support-4.1.3.jar;C:\Users\隨風\.m2\repository\com\google\auto\service\auto-service-annotations\1.0.1\auto-service-annotations-1.0.1.jar;C:\Users\隨風\.m2\repository\com\google\auto\service\auto-service\1.0.1\auto-service-1.0.1.jar;C:\Users\隨風\.m2\repository\com\google\auto\auto-common\1.2\auto-common-1.2.jar;C:\Users\隨風\.m2\repository\com\google\guava\failureaccess\1.0.1\failureaccess-1.0.1.jar;C:\Users\隨風\.m2\repository\com\google\guava\listenablefuture\9999.0-empty-to-avoid-conflict-with-guava\listenablefuture-9999.0-empty-to-avoid-conflict-with-guava.jar;C:\Users\隨風\.m2\repository\com\google\code\findbugs\jsr305\3.0.2\jsr305-3.0.2.jar;C:\Users\隨風\.m2\repository\org\checkerframework\checker-qual\3.12.0\checker-qual-3.12.0.jar;C:\Users\隨風\.m2\repository\com\google\errorprone\error_prone_annotations\2.11.0\error_prone_annotations-2.11.0.jar;C:\Users\隨風\.m2\repository\com\google\j2objc\j2objc-annotations\1.3\j2objc-annotations-1.3.jar;C:\Users\隨風\.m2\repository\org\apache\commons\commons-lang3\3.11\commons-lang3-3.11.jar;C:\Users\隨風\.m2\repository\org\slf4j\slf4j-api\1.7.30\slf4j-api-1.7.30.jar
Launcher Type: SUN_STANDARD

[Global flags]
     intx CICompilerCount                          = 4                                         {product} {ergonomic}
     uint ConcGCThreads                            = 2                                         {product} {ergonomic}
     uint G1ConcRefinementThreads                  = 8                                         {product} {ergonomic}
   size_t G1HeapRegionSize                         = 2097152                                   {product} {ergonomic}
    uintx GCDrainStackTargetSize                   = 64                                        {product} {ergonomic}
   size_t InitialHeapSize                          = 266338304                                 {product} {ergonomic}
   size_t MarkStackSize                            = 4194304                                   {product} {ergonomic}
   size_t MaxHeapSize                              = 4255121408                                {product} {ergonomic}
   size_t MaxNewSize                               = 2552233984                                {product} {ergonomic}
   size_t MinHeapDeltaBytes                        = 2097152                                   {product} {ergonomic}
   size_t MinHeapSize                              = 8388608                                   {product} {ergonomic}
    uintx NonNMethodCodeHeapSize                   = 5839372                                {pd product} {ergonomic}
    uintx NonProfiledCodeHeapSize                  = 122909434                              {pd product} {ergonomic}
    uintx ProfiledCodeHeapSize                     = 122909434                              {pd product} {ergonomic}
    uintx ReservedCodeCacheSize                    = 251658240                              {pd product} {ergonomic}
     bool SegmentedCodeCache                       = true                                      {product} {ergonomic}
   size_t SoftMaxHeapSize                          = 4255121408                             {manageable} {ergonomic}
     bool UseCompressedClassPointers               = true                           {product lp64_product} {ergonomic}
     bool UseCompressedOops                        = true                           {product lp64_product} {ergonomic}
     bool UseG1GC                                  = true                                      {product} {ergonomic}
     bool UseLargePagesIndividualAllocation        = false                                  {pd product} {ergonomic}

Logging:
Log output configuration:
 #0: stdout all=warning uptime,level,tags foldmultilines=false
 #1: stderr all=off uptime,level,tags foldmultilines=false

Environment Variables:
PATH=C:\Program Files (x86)\Python37-32\Scripts\;C:\Program Files (x86)\Python37-32\;C:\Program Files (x86)\Common Files\Intel\Shared Libraries\redist\intel64\compiler;C:\Program Files (x86)\Intel\Intel(R) Management Engine Components\iCLS\;C:\Program Files\Intel\Intel(R) Management Engine Components\iCLS\;C:\WINDOWS\system32;C:\WINDOWS;C:\WINDOWS\System32\Wbem;C:\WINDOWS\System32\WindowsPowerShell\v1.0\;C:\WINDOWS\System32\OpenSSH\;C:\Program Files (x86)\Intel\Intel(R) Management Engine Components\DAL;C:\Program Files\Intel\Intel(R) Management Engine Components\DAL;C:\Program Files\Intel\WiFi\bin\;C:\Program Files\Common Files\Intel\WirelessCommon\;C:\Program Files\dotnet\;C:\Program Files\Git\cmd;C:\MinGW\bin\;C:\TDM-GCC-64\bin;C:\Program Files\nodejs\;C:\xampp\php;C:\ProgramData\ComposerSetup\bin;C:\Program Files\Java\jdk-17.0.2\bin;C:\Users\隨風\AppData\Local\Microsoft\WindowsApps;C:\Users\隨風\AppData\Local\GitHubDesktop\bin;C:\Users\隨風\AppData\Local\Programs\Fiddler;C:\Users\隨風\AppData\Local\Microsoft\WindowsApps;C:\Users\隨風\.dotnet\tools;C:\Users\隨風\AppData\Local\Programs\Microsoft VS Code\bin;C:\Users\隨風\AppData\Roaming\npm;C:\Users\隨風\AppData\Roaming\Composer\vendor\bin;C:\Program Files\JetBrains\IntelliJ IDEA Community Edition 2021.3.3\bin;;E:\Quartus-lite18.1\modelsim_ase\win32aloem
USERNAME=隨風
LANG=zh_TW
OS=Windows_NT
PROCESSOR_IDENTIFIER=Intel64 Family 6 Model 142 Stepping 11, GenuineIntel



---------------  S Y S T E M  ---------------

OS:
 Windows 10 , 64 bit Build 19041 (10.0.19041.1706)
OS uptime: 0 days 2:25 hours
Hyper-V role detected

CPU: total 8 (initial active 8) (4 cores per cpu, 2 threads per core) family 6 model 142 stepping 11 microcode 0xae, cx8, cmov, fxsr, ht, mmx, 3dnowpref, sse, sse2, sse3, ssse3, sse4.1, sse4.2, popcnt, lzcnt, tsc, tscinvbit, avx, avx2, aes, erms, clmul, bmi1, bmi2, adx, fma, vzeroupper, clflush, clflushopt, hv

Memory: 4k page, system-wide physical 16224M (1314M free)
TotalPageFile size 16224M (AvailPageFile size 2M)
current process WorkingSet (physical memory assigned to process): 136M, peak: 136M
current process commit charge ("private bytes"): 393M, peak: 393M

vm_info: OpenJDK 64-Bit Server VM (18+36-2087) for windows-amd64 JRE (18+36-2087), built on Feb 15 2022 09:37:35 by "mach5one" with MS VC++ 16.8 / 16.9 (VS2019)

END.
